<?xml version="1.0" encoding="UTF-8"?>
<testsuite name="ru.stqa.pft.addressbook.tests.ContactDeletionTests" tests="1" skipped="0" failures="1" errors="0" timestamp="2019-12-22T21:29:12" hostname="DESKTOP-APRHFRR" time="0.857">
  <properties/>
  <testcase name="singleContactDeletion" classname="ru.stqa.pft.addressbook.tests.ContactDeletionTests" time="0.857">
    <failure message="java.lang.AssertionError: &#13;&#10;Expected: &lt;[ContactData{id='77', firstname='firstname 0', lastname='lastname 0'}, ContactData{id='78', firstname='firstname 1', lastname='lastname 1'}, ContactData{id='75', firstname='firstname 1', lastname='lastname 1'}, ContactData{id='76', firstname='firstname 2', lastname='lastname 2'}, ContactData{id='66', firstname='Maria', lastname='Iakovenko'}, ContactData{id='65', firstname='Maria', lastname='Iakovenko'}, ContactData{id='64', firstname='Maria', lastname='Iakovenko'}, ContactData{id='73', firstname='firstname 2', lastname='lastname 2'}, ContactData{id='74', firstname='firstname 0', lastname='lastname 0'}, ContactData{id='71', firstname='firstname 0', lastname='lastname 0'}, ContactData{id='72', firstname='firstname 1', lastname='lastname 1'}, ContactData{id='56', firstname='Mariia', lastname='Iakovenko'}, ContactData{id='69', firstname='firstname 1', lastname='lastname 1'}, ContactData{id='70', firstname='firstname 2', lastname='lastname 2'}, ContactData{id='68', firstname='firstname 0', lastname='lastname 0'}]&gt;&#13;&#10;     but: was &lt;[ContactData{id='79', firstname='Maria', lastname='Iakovenko'}, ContactData{id='77', firstname='firstname 0', lastname='lastname 0'}, ContactData{id='78', firstname='firstname 1', lastname='lastname 1'}, ContactData{id='75', firstname='firstname 1', lastname='lastname 1'}, ContactData{id='76', firstname='firstname 2', lastname='lastname 2'}, ContactData{id='66', firstname='Maria', lastname='Iakovenko'}, ContactData{id='65', firstname='Maria', lastname='Iakovenko'}, ContactData{id='64', firstname='Maria', lastname='Iakovenko'}, ContactData{id='73', firstname='firstname 2', lastname='lastname 2'}, ContactData{id='74', firstname='firstname 0', lastname='lastname 0'}, ContactData{id='71', firstname='firstname 0', lastname='lastname 0'}, ContactData{id='72', firstname='firstname 1', lastname='lastname 1'}, ContactData{id='56', firstname='Mariia', lastname='Iakovenko'}, ContactData{id='69', firstname='firstname 1', lastname='lastname 1'}, ContactData{id='70', firstname='firstname 2', lastname='lastname 2'}, ContactData{id='68', firstname='firstname 0', lastname='lastname 0'}]&gt;" type="java.lang.AssertionError">java.lang.AssertionError: 
Expected: &lt;[ContactData{id='77', firstname='firstname 0', lastname='lastname 0'}, ContactData{id='78', firstname='firstname 1', lastname='lastname 1'}, ContactData{id='75', firstname='firstname 1', lastname='lastname 1'}, ContactData{id='76', firstname='firstname 2', lastname='lastname 2'}, ContactData{id='66', firstname='Maria', lastname='Iakovenko'}, ContactData{id='65', firstname='Maria', lastname='Iakovenko'}, ContactData{id='64', firstname='Maria', lastname='Iakovenko'}, ContactData{id='73', firstname='firstname 2', lastname='lastname 2'}, ContactData{id='74', firstname='firstname 0', lastname='lastname 0'}, ContactData{id='71', firstname='firstname 0', lastname='lastname 0'}, ContactData{id='72', firstname='firstname 1', lastname='lastname 1'}, ContactData{id='56', firstname='Mariia', lastname='Iakovenko'}, ContactData{id='69', firstname='firstname 1', lastname='lastname 1'}, ContactData{id='70', firstname='firstname 2', lastname='lastname 2'}, ContactData{id='68', firstname='firstname 0', lastname='lastname 0'}]&gt;
     but: was &lt;[ContactData{id='79', firstname='Maria', lastname='Iakovenko'}, ContactData{id='77', firstname='firstname 0', lastname='lastname 0'}, ContactData{id='78', firstname='firstname 1', lastname='lastname 1'}, ContactData{id='75', firstname='firstname 1', lastname='lastname 1'}, ContactData{id='76', firstname='firstname 2', lastname='lastname 2'}, ContactData{id='66', firstname='Maria', lastname='Iakovenko'}, ContactData{id='65', firstname='Maria', lastname='Iakovenko'}, ContactData{id='64', firstname='Maria', lastname='Iakovenko'}, ContactData{id='73', firstname='firstname 2', lastname='lastname 2'}, ContactData{id='74', firstname='firstname 0', lastname='lastname 0'}, ContactData{id='71', firstname='firstname 0', lastname='lastname 0'}, ContactData{id='72', firstname='firstname 1', lastname='lastname 1'}, ContactData{id='56', firstname='Mariia', lastname='Iakovenko'}, ContactData{id='69', firstname='firstname 1', lastname='lastname 1'}, ContactData{id='70', firstname='firstname 2', lastname='lastname 2'}, ContactData{id='68', firstname='firstname 0', lastname='lastname 0'}]&gt;
	at org.hamcrest.MatcherAssert.assertThat(MatcherAssert.java:20)
	at org.hamcrest.MatcherAssert.assertThat(MatcherAssert.java:6)
	at ru.stqa.pft.addressbook.tests.ContactDeletionTests.singleContactDeletion(ContactDeletionTests.java:29)
	at sun.reflect.NativeMethodAccessorImpl.invoke0(Native Method)
	at sun.reflect.NativeMethodAccessorImpl.invoke(NativeMethodAccessorImpl.java:62)
	at sun.reflect.DelegatingMethodAccessorImpl.invoke(DelegatingMethodAccessorImpl.java:43)
	at java.lang.reflect.Method.invoke(Method.java:498)
	at org.testng.internal.MethodInvocationHelper.invokeMethod(MethodInvocationHelper.java:133)
	at org.testng.internal.TestInvoker.invokeMethod(TestInvoker.java:584)
	at org.testng.internal.TestInvoker.invokeTestMethod(TestInvoker.java:172)
	at org.testng.internal.MethodRunner.runInSequence(MethodRunner.java:46)
	at org.testng.internal.TestInvoker$MethodInvocationAgent.invoke(TestInvoker.java:804)
	at org.testng.internal.TestInvoker.invokeTestMethods(TestInvoker.java:145)
	at org.testng.internal.TestMethodWorker.invokeTestMethods(TestMethodWorker.java:146)
	at org.testng.internal.TestMethodWorker.run(TestMethodWorker.java:128)
	at java.util.ArrayList.forEach(ArrayList.java:1257)
	at org.testng.TestRunner.privateRun(TestRunner.java:770)
	at org.testng.TestRunner.run(TestRunner.java:591)
	at org.testng.SuiteRunner.runTest(SuiteRunner.java:402)
	at org.testng.SuiteRunner.runSequentially(SuiteRunner.java:396)
	at org.testng.SuiteRunner.privateRun(SuiteRunner.java:355)
	at org.testng.SuiteRunner.run(SuiteRunner.java:304)
	at org.testng.SuiteRunnerWorker.runSuite(SuiteRunnerWorker.java:53)
	at org.testng.SuiteRunnerWorker.run(SuiteRunnerWorker.java:96)
	at org.testng.TestNG.runSuitesSequentially(TestNG.java:1180)
	at org.testng.TestNG.runSuitesLocally(TestNG.java:1102)
	at org.testng.TestNG.runSuites(TestNG.java:1032)
	at org.testng.TestNG.run(TestNG.java:1000)
	at org.gradle.api.internal.tasks.testing.testng.TestNGTestClassProcessor.runTests(TestNGTestClassProcessor.java:141)
	at org.gradle.api.internal.tasks.testing.testng.TestNGTestClassProcessor.stop(TestNGTestClassProcessor.java:90)
	at org.gradle.api.internal.tasks.testing.SuiteTestClassProcessor.stop(SuiteTestClassProcessor.java:61)
	at sun.reflect.NativeMethodAccessorImpl.invoke0(Native Method)
	at sun.reflect.NativeMethodAccessorImpl.invoke(NativeMethodAccessorImpl.java:62)
	at sun.reflect.DelegatingMethodAccessorImpl.invoke(DelegatingMethodAccessorImpl.java:43)
	at java.lang.reflect.Method.invoke(Method.java:498)
	at org.gradle.internal.dispatch.ReflectionDispatch.dispatch(ReflectionDispatch.java:36)
	at org.gradle.internal.dispatch.ReflectionDispatch.dispatch(ReflectionDispatch.java:24)
	at org.gradle.internal.dispatch.ContextClassLoaderDispatch.dispatch(ContextClassLoaderDispatch.java:33)
	at org.gradle.internal.dispatch.ProxyDispatchAdapter$DispatchingInvocationHandler.invoke(ProxyDispatchAdapter.java:94)
	at com.sun.proxy.$Proxy2.stop(Unknown Source)
	at org.gradle.api.internal.tasks.testing.worker.TestWorker.stop(TestWorker.java:132)
	at sun.reflect.NativeMethodAccessorImpl.invoke0(Native Method)
	at sun.reflect.NativeMethodAccessorImpl.invoke(NativeMethodAccessorImpl.java:62)
	at sun.reflect.DelegatingMethodAccessorImpl.invoke(DelegatingMethodAccessorImpl.java:43)
	at java.lang.reflect.Method.invoke(Method.java:498)
	at org.gradle.internal.dispatch.ReflectionDispatch.dispatch(ReflectionDispatch.java:36)
	at org.gradle.internal.dispatch.ReflectionDispatch.dispatch(ReflectionDispatch.java:24)
	at org.gradle.internal.remote.internal.hub.MessageHubBackedObjectConnection$DispatchWrapper.dispatch(MessageHubBackedObjectConnection.java:182)
	at org.gradle.internal.remote.internal.hub.MessageHubBackedObjectConnection$DispatchWrapper.dispatch(MessageHubBackedObjectConnection.java:164)
	at org.gradle.internal.remote.internal.hub.MessageHub$Handler.run(MessageHub.java:412)
	at org.gradle.internal.concurrent.ExecutorPolicy$CatchAndRecordFailures.onExecute(ExecutorPolicy.java:64)
	at org.gradle.internal.concurrent.ManagedExecutorImpl$1.run(ManagedExecutorImpl.java:48)
	at java.util.concurrent.ThreadPoolExecutor.runWorker(ThreadPoolExecutor.java:1149)
	at java.util.concurrent.ThreadPoolExecutor$Worker.run(ThreadPoolExecutor.java:624)
	at org.gradle.internal.concurrent.ThreadFactoryImpl$ManagedThreadRunnable.run(ThreadFactoryImpl.java:56)
	at java.lang.Thread.run(Thread.java:748)
</failure>
  </testcase>
  <system-out><![CDATA[]]></system-out>
  <system-err><![CDATA[]]></system-err>
</testsuite>
